<?xml version="1.0" encoding="UTF-8"?>
<testng-results skipped="0" failed="0" ignored="0" total="1" passed="1">
  <reporter-output>
  </reporter-output>
  <suite name="Surefire suite" duration-ms="62" started-at="2021-12-13T09:53:04Z" finished-at="2021-12-13T09:53:04Z">
    <groups>
    </groups>
    <test name="Surefire test" duration-ms="62" started-at="2021-12-13T09:53:04Z" finished-at="2021-12-13T09:53:04Z">
      <class name="com.automation.AppTest">
        <test-method status="PASS" signature="shouldAnswerWithTrue()" name="shouldAnswerWithTrue" duration-ms="15" started-at="2021-12-13T09:53:04Z" finished-at="2021-12-13T09:53:04Z">
          <reporter-output>
          </reporter-output>
        </test-method> <!-- shouldAnswerWithTrue -->
      </class> <!-- com.automation.AppTest -->
    </test> <!-- Surefire test -->
  </suite> <!-- Surefire suite -->
</testng-results>
